<?xml version="1.0" encoding="UTF-8"?>
<!-- Generated by org.testng.reporters.JUnitXMLReporter -->
<testsuite hostname="DESKTOP-FSHKKEO" name="Grid firefox Test" tests="1" failures="1" timestamp="29 Apr 2016 17:31:26 GMT" time="54.089" errors="0">
  <testcase name="BookFlight" time="48.831" classname="airlines.tests.TestSample">
    <failure type="java.lang.AssertionError" message="DepartingAirline mismatch expected [true] but found [false]">
      <![CDATA[java.lang.AssertionError: DepartingAirline mismatch expected [true] but found [false]
	at airlines.helper.BookFlightHelper.verifyDepartingAirline(BookFlightHelper.java:43)
	at airlines.tests.TestSample.BookFlight(TestSample.java:94)
	at java.util.concurrent.FutureTask.run(Unknown Source)
	at java.util.concurrent.ThreadPoolExecutor.runWorker(Unknown Source)
	at java.util.concurrent.ThreadPoolExecutor$Worker.run(Unknown Source)
	at java.lang.Thread.run(Unknown Source)
... Removed 19 stack frames]]>
    </failure>
  </testcase> <!-- BookFlight -->
</testsuite> <!-- Grid firefox Test -->
